Started by user [8mha:////4HWiZaNoADuhFGNq7WBc9Lf3CcgCJQBIlBaB/nYcj2+NAAAAlx+LCAAAAAAAAP9b85aBtbiIQTGjNKU4P08vOT+vOD8nVc83PyU1x6OyILUoJzMv2y+/JJUBAhiZGBgqihhk0NSjKDWzXb3RdlLBUSYGJk8GtpzUvPSSDB8G5tKinBIGIZ+sxLJE/ZzEvHT94JKizLx0a6BxUmjGOUNodHsLgAzWEgZu/dLi1CL9xJTczDwAj6GcLcAAAAA=[0madmin
[Mon Sep 25 06:01:55 UTC 2023] Starting branch indexing...
[8mha:////4L43MoSKXLd5gmP9khr4vZvL1hLZvEyhTr73LByoqgQLAAAAhB+LCAAAAAAAAP9b85aBtbiIwSa/KF0vKzUvOzOvODlTryCnNB3I0kvPLMkoTYpPKkrMS86IL84vLUpO1XPPLPEoTXLOzyvOz0n1yy9JZYAARiYGRi8GzpLM3NTiksTcgooiBqmM0pTi/Dy9ZIhiPayaGCoKgHTXqXdSLgAmB22hjgAAAA==[0mConnecting to https://api.github.com using choigonyok/******
Examining [8mha:////4PPcvpoU7/80dvItWvRISkuIgyOrrKD8M7do6bmIgX8dAAAAoB+LCAAAAAAAAP9b85aBtbiIQSajNKU4P08vOT+vOD8nVc+jsiC1KCczL9svvyTVzHb1RttJBUeZGJg8GdhyUvPSSzJ8GJhLi3JKGIR8shLLEvVzEvPS9YNLijLz0q0rihik0IxzhtAgwxgggJGJgaGiAMgQL2HQyigpKSi20tdPzyzJKE0C6srVL0ktzU7Pz0tPSUxFZgMAUXPbVK8AAAA=[0mteukgongdae/teukgongdae

  Checking branches...

  Getting remote branches...

    Checking branch [8mha:////4Mgk2ytv4xfyYJJ171fNLpE5vcs8NELMuw6qrzAY9pV7AAAAqB+LCAAAAAAAAP9b85aBtbiIQSajNKU4P08vOT+vOD8nVc+jsiC1KCczL9svvyTVzHb1RttJBUeZGJg8GdhyUvPSSzJ8GJhLi3JKGIR8shLLEvVzEvPS9YNLijLz0q0rihik0IxzhtAgwxgggJGJgaGiAMhgKWEwySgpKSi20tdPzyzJKE0C6srVL0ktzU7Pz0tPSUxFZRelpurnJmbmAQCA7exouQAAAA==[0mmain
      ‘jenkins/Jenkinsfile’ found
    Met criteria
Changes detected: main (d187773f4bd387413eba2206ff34053708424b0f → b7584d464707224800c69ae1855a2eba2199303f)
Scheduled build for branch: main

    Checking branch [8mha:////4DrmU+ErZ57qaeqtsLxyGcc/zNNyE0xazKm3fs5nlAwXAAAApR+LCAAAAAAAAP9b85aBtbiIQSajNKU4P08vOT+vOD8nVc+jsiC1KCczL9svvyTVzHb1RttJBUeZGJg8GdhyUvPSSzJ8GJhLi3JKGIR8shLLEvVzEvPS9YNLijLz0q0rihik0IxzhtAgwxgggJGJgaGiAMhgKWEwySgpKSi20tdPzyzJKE0C6srVL0ktzU7Pz0tPSUxFZRelggSKSwDoXrsPuQAAAA==[0mtest
      ‘jenkins/Jenkinsfile’ found
    Met criteria
No changes detected: test (still at e4d1950ba7f9afb0d3c40571c37bcf6e27d7af3e)

  2 branches were processed

  Checking pull-requests...

  Getting remote pull requests...

  0 pull requests were processed

Finished examining teukgongdae/teukgongdae

[Mon Sep 25 06:01:58 UTC 2023] Finished branch indexing. Indexing took 2.9 sec
Finished: SUCCESS
